<?xml version="1.0" encoding="UTF-8"?>
<!-- Generated by org.testng.reporters.JUnitReportReporter -->
<testsuite hostname="Farahs-Air" failures="0" tests="1" name="Runner" time="214.171" errors="0" timestamp="2024-02-16T15:04:33 EET" skipped="0">
  <testcase classname="Runner" name="runScenario" time="214.171"/>
  <system-out/>
</testsuite> <!-- Runner -->
